<?xml version="1.0" encoding="UTF-8"?>
<!-- Generated by org.testng.reporters.JUnitXMLReporter -->
<testsuite hostname="DESKTOP-V46TSI5" ignored="0" name="Default test" tests="3" failures="0" timestamp="2021-02-06T18:53:41 CET" time="33.99" errors="0">
  <testcase name="testSearch" time="6.777" classname="testYT.TestYoutube"/>
  <testcase name="testPlay" time="7.008" classname="testYT.TestYoutube"/>
  <testcase name="testPlayNext" time="17.539" classname="testYT.TestYoutube"/>
</testsuite> <!-- Default test -->
