<?xml version="1.0" encoding="UTF-8"?>
<testng-results skipped="0" failed="0" ignored="0" total="3" passed="3">
  <reporter-output>
  </reporter-output>
  <suite name="Default suite" duration-ms="33990" started-at="2021-02-06T18:53:06 CET" finished-at="2021-02-06T18:53:40 CET">
    <groups>
    </groups>
    <test name="Default test" duration-ms="33990" started-at="2021-02-06T18:53:06 CET" finished-at="2021-02-06T18:53:40 CET">
      <class name="testYT.TestYoutube">
        <test-method status="PASS" signature="createDriver()[pri:0, instance:testYT.TestYoutube@578486a3]" name="createDriver" is-config="true" duration-ms="2613" started-at="2021-02-06T18:53:07 CET" finished-at="2021-02-06T18:53:09 CET">
          <reporter-output>
          </reporter-output>
        </test-method> <!-- createDriver -->
        <test-method status="PASS" signature="testSearch()[pri:1, instance:testYT.TestYoutube@578486a3]" name="testSearch" duration-ms="6777" started-at="2021-02-06T18:53:09 CET" finished-at="2021-02-06T18:53:16 CET">
          <reporter-output>
          </reporter-output>
        </test-method> <!-- testSearch -->
        <test-method status="PASS" signature="testPlay()[pri:2, instance:testYT.TestYoutube@578486a3]" name="testPlay" duration-ms="7008" started-at="2021-02-06T18:53:16 CET" finished-at="2021-02-06T18:53:23 CET">
          <reporter-output>
          </reporter-output>
        </test-method> <!-- testPlay -->
        <test-method status="PASS" signature="testPlayNext()[pri:3, instance:testYT.TestYoutube@578486a3]" name="testPlayNext" duration-ms="17539" started-at="2021-02-06T18:53:23 CET" finished-at="2021-02-06T18:53:40 CET">
          <reporter-output>
          </reporter-output>
        </test-method> <!-- testPlayNext -->
      </class> <!-- testYT.TestYoutube -->
    </test> <!-- Default test -->
  </suite> <!-- Default suite -->
</testng-results>
